Server Fault 
Time:    2300 Tue March 31st 2020
Server:  GPU01
Reason:  Could not Ping

Deployment Failure – 1402
Time:    2301 Tue March 31st 2020
Reason:  Server Fault

Deployment Failure – 1401
Time:    2301 Tue March 31st 2020
Reason:  Server Fault

Deployment Failure – 1402
Time:    2301 Tue March 31st 2020
Reason:  Server Fault

Deployment Failure – 1401
Time:    2301 Tue March 31st 2020
Reason:  Server Fault

Deployment Failure – 1402
Time:    2301 Tue March 31st 2020
Reason:  Server Fault

Deployment Failure – 1401
Time:    2301 Tue March 31st 2020
Reason:  Server Fault